00000000 0c001ffc
00000004 44000104
00000008 44000000
00000100 44000104
00000104 44000000
00000a00 8c1eff40
00000a08 43fff5f4
00002000 24013004
00002004 24020001
00002008 ac02ff80
0000200c 00021820
00002010 9404205c
00002014 ac22fffc
00002018 ac230000
0000201c 00431020
00002020 ac220004
00002024 24210008
00002028 00431820
0000202c 28840001
00002030 1480ffe4
00002034 24073000
00002038 44000104
0000203c ac07ff00
00002040 24070014
00002044 44000104
00002048 ac07ff04
0000204c 44000104
00002050 ac00ff08
00002054 ac00f000
00002058 4be00000
0000205c 00030000
